<?xml version="1.0" encoding="UTF-8"?>
<!-- Generated by org.testng.reporters.JUnitXMLReporter -->
<testsuite hostname="Aruns-MacBook-Pro.local" ignored="0" name="Hub Spot Functional Regression Test - chrome" tests="4" failures="2" timestamp="15 Feb 2020 16:38:20 GMT" time="31.637" errors="0">
  <testcase name="verfiyHomePageTitleTest" time="5.662" classname="com.qa.hubspot.tests.HomePageTest"/>
  <testcase name="verfiyHomePageHeaderTest" time="10.724" classname="com.qa.hubspot.tests.HomePageTest"/>
  <testcase name="verifyLoggedInUserAccountName" time="5.697" classname="com.qa.hubspot.tests.HomePageTest">
    <failure type="java.lang.AssertionError" message="expected [null] but found [Amazon]">
      <![CDATA[java.lang.AssertionError: expected [null] but found [Amazon]
at com.qa.hubspot.tests.HomePageTest.verifyLoggedInUserAccountName(HomePageTest.java:73)
at java.util.concurrent.ThreadPoolExecutor.runWorker(ThreadPoolExecutor.java:1149)
at java.util.concurrent.ThreadPoolExecutor$Worker.run(ThreadPoolExecutor.java:624)
at java.lang.Thread.run(Thread.java:748)
... Removed 16 stack frames]]>
    </failure>
  </testcase> <!-- verifyLoggedInUserAccountName -->
  <testcase name="verifyLoggedInUserAccountName" time="5.704" classname="com.qa.hubspot.tests.HomePageTest">
    <failure type="java.lang.NullPointerException">
      <![CDATA[java.lang.NullPointerException
at com.qa.hubspot.base.BasePage.getScreenshot(BasePage.java:122)
at com.qa.hubspot.listeners.ExtentReportListener.onTestFailure(ExtentReportListener.java:102)
at java.util.concurrent.ThreadPoolExecutor.runWorker(ThreadPoolExecutor.java:1149)
at java.util.concurrent.ThreadPoolExecutor$Worker.run(ThreadPoolExecutor.java:624)
at java.lang.Thread.run(Thread.java:748)
... Removed 7 stack frames]]>
    </failure>
  </testcase> <!-- verifyLoggedInUserAccountName -->
</testsuite> <!-- Hub Spot Functional Regression Test - chrome -->
