<?xml version="1.0" encoding="UTF-8"?>
<testng-results skipped="0" failed="1" ignored="1" total="7" passed="5">
  <reporter-output>
  </reporter-output>
  <suite name="Command line suite" duration-ms="36936" started-at="2020-02-10T00:08:41Z" finished-at="2020-02-10T00:09:18Z">
    <groups>
    </groups>
    <test name="Command line test" duration-ms="36936" started-at="2020-02-10T00:08:41Z" finished-at="2020-02-10T00:09:18Z">
      <class name="com.qa.hubspot.tests.LoginPageTest">
        <test-method status="PASS" signature="verfiyLoginPageTitleTest()[pri:1, instance:com.qa.hubspot.tests.LoginPageTest@380fb434]" name="verfiyLoginPageTitleTest" duration-ms="4082" started-at="2020-02-10T00:08:55Z" finished-at="2020-02-10T00:08:59Z">
          <reporter-output>
          </reporter-output>
        </test-method> <!-- verfiyLoginPageTitleTest -->
        <test-method status="PASS" signature="verfiySignUpLinkTest()[pri:2, instance:com.qa.hubspot.tests.LoginPageTest@380fb434]" name="verfiySignUpLinkTest" duration-ms="596" started-at="2020-02-10T00:08:59Z" finished-at="2020-02-10T00:09:00Z">
          <reporter-output>
          </reporter-output>
        </test-method> <!-- verfiySignUpLinkTest -->
        <test-method status="PASS" signature="loginTest()[pri:3, instance:com.qa.hubspot.tests.LoginPageTest@380fb434]" name="loginTest" duration-ms="577" started-at="2020-02-10T00:09:00Z" finished-at="2020-02-10T00:09:00Z">
          <reporter-output>
          </reporter-output>
        </test-method> <!-- loginTest -->
      </class> <!-- com.qa.hubspot.tests.LoginPageTest -->
      <class name="com.qa.hubspot.tests.HomePageTest">
        <test-method status="PASS" signature="setUp()[pri:0, instance:com.qa.hubspot.tests.HomePageTest@21bcffb5]" name="setUp" is-config="true" duration-ms="8902" started-at="2020-02-10T00:08:41Z" finished-at="2020-02-10T00:08:50Z">
          <reporter-output>
          </reporter-output>
        </test-method> <!-- setUp -->
        <test-method status="PASS" signature="setUp()[pri:0, instance:com.qa.hubspot.tests.LoginPageTest@380fb434]" name="setUp" is-config="true" duration-ms="5161" started-at="2020-02-10T00:08:50Z" finished-at="2020-02-10T00:08:55Z">
          <reporter-output>
          </reporter-output>
        </test-method> <!-- setUp -->
        <test-method status="PASS" signature="verfiyHomePageTitleTest()[pri:1, instance:com.qa.hubspot.tests.HomePageTest@21bcffb5]" name="verfiyHomePageTitleTest" duration-ms="16" started-at="2020-02-10T00:08:55Z" finished-at="2020-02-10T00:08:55Z">
          <reporter-output>
          </reporter-output>
        </test-method> <!-- verfiyHomePageTitleTest -->
        <test-method status="PASS" signature="verfiyHomePageHeaderTest()[pri:2, instance:com.qa.hubspot.tests.HomePageTest@21bcffb5]" name="verfiyHomePageHeaderTest" duration-ms="35" started-at="2020-02-10T00:08:59Z" finished-at="2020-02-10T00:08:59Z">
          <reporter-output>
          </reporter-output>
        </test-method> <!-- verfiyHomePageHeaderTest -->
        <test-method status="FAIL" signature="verifyLoggedInUserAccountName()[pri:3, instance:com.qa.hubspot.tests.HomePageTest@21bcffb5]" name="verifyLoggedInUserAccountName" duration-ms="22" started-at="2020-02-10T00:09:00Z" finished-at="2020-02-10T00:09:00Z">
          <exception class="java.lang.AssertionError">
            <message>
              <![CDATA[expected [null] but found [Amazon]]]>
            </message>
            <full-stacktrace>
              <![CDATA[java.lang.AssertionError: expected [null] but found [Amazon]
at org.testng.Assert.fail(Assert.java:96)
at org.testng.Assert.failNotEquals(Assert.java:776)
at org.testng.Assert.assertEqualsImpl(Assert.java:132)
at org.testng.Assert.assertEquals(Assert.java:118)
at org.testng.Assert.assertEquals(Assert.java:453)
at org.testng.Assert.assertEquals(Assert.java:463)
at com.qa.hubspot.tests.HomePageTest.verifyLoggedInUserAccountName(HomePageTest.java:58)
at sun.reflect.NativeMethodAccessorImpl.invoke0(Native Method)
at sun.reflect.NativeMethodAccessorImpl.invoke(NativeMethodAccessorImpl.java:62)
at sun.reflect.DelegatingMethodAccessorImpl.invoke(DelegatingMethodAccessorImpl.java:43)
at java.lang.reflect.Method.invoke(Method.java:498)
at org.testng.internal.MethodInvocationHelper.invokeMethod(MethodInvocationHelper.java:124)
at org.testng.internal.Invoker.invokeMethod(Invoker.java:583)
at org.testng.internal.Invoker.invokeTestMethod(Invoker.java:719)
at org.testng.internal.Invoker.invokeTestMethods(Invoker.java:989)
at org.testng.internal.TestMethodWorker.invokeTestMethods(TestMethodWorker.java:125)
at org.testng.internal.TestMethodWorker.run(TestMethodWorker.java:109)
at org.testng.TestRunner.privateRun(TestRunner.java:648)
at org.testng.TestRunner.run(TestRunner.java:505)
at org.testng.SuiteRunner.runTest(SuiteRunner.java:455)
at org.testng.SuiteRunner.runSequentially(SuiteRunner.java:450)
at org.testng.SuiteRunner.privateRun(SuiteRunner.java:415)
at org.testng.SuiteRunner.run(SuiteRunner.java:364)
at org.testng.SuiteRunnerWorker.runSuite(SuiteRunnerWorker.java:52)
at org.testng.SuiteRunnerWorker.run(SuiteRunnerWorker.java:84)
at org.testng.TestNG.runSuitesSequentially(TestNG.java:1208)
at org.testng.TestNG.runSuitesLocally(TestNG.java:1137)
at org.testng.TestNG.runSuites(TestNG.java:1049)
at org.testng.TestNG.run(TestNG.java:1017)
at org.apache.maven.surefire.testng.TestNGExecutor.run(TestNGExecutor.java:77)
at org.apache.maven.surefire.testng.TestNGDirectoryTestSuite.executeMulti(TestNGDirectoryTestSuite.java:159)
at org.apache.maven.surefire.testng.TestNGDirectoryTestSuite.execute(TestNGDirectoryTestSuite.java:99)
at org.apache.maven.surefire.testng.TestNGProvider.invoke(TestNGProvider.java:106)
at sun.reflect.NativeMethodAccessorImpl.invoke0(Native Method)
at sun.reflect.NativeMethodAccessorImpl.invoke(NativeMethodAccessorImpl.java:62)
at sun.reflect.DelegatingMethodAccessorImpl.invoke(DelegatingMethodAccessorImpl.java:43)
at java.lang.reflect.Method.invoke(Method.java:498)
at org.apache.maven.surefire.util.ReflectionUtils.invokeMethodWithArray(ReflectionUtils.java:189)
at org.apache.maven.surefire.booter.ProviderFactory$ProviderProxy.invoke(ProviderFactory.java:165)
at org.apache.maven.surefire.booter.ProviderFactory.invokeProvider(ProviderFactory.java:85)
at org.apache.maven.surefire.booter.ForkedBooter.runSuitesInProcess(ForkedBooter.java:115)
at org.apache.maven.surefire.booter.ForkedBooter.main(ForkedBooter.java:75)
]]>
            </full-stacktrace>
          </exception> <!-- java.lang.AssertionError -->
          <reporter-output>
          </reporter-output>
        </test-method> <!-- verifyLoggedInUserAccountName -->
        <test-method status="PASS" signature="tearDown()[pri:0, instance:com.qa.hubspot.tests.HomePageTest@21bcffb5]" name="tearDown" is-config="true" duration-ms="12731" started-at="2020-02-10T00:09:00Z" finished-at="2020-02-10T00:09:13Z">
          <reporter-output>
          </reporter-output>
        </test-method> <!-- tearDown -->
        <test-method status="PASS" signature="tearDown()[pri:0, instance:com.qa.hubspot.tests.LoginPageTest@380fb434]" name="tearDown" is-config="true" duration-ms="4769" started-at="2020-02-10T00:09:13Z" finished-at="2020-02-10T00:09:18Z">
          <reporter-output>
          </reporter-output>
        </test-method> <!-- tearDown -->
      </class> <!-- com.qa.hubspot.tests.HomePageTest -->
    </test> <!-- Command line test -->
  </suite> <!-- Command line suite -->
</testng-results>
